1630984459980	geckodriver	INFO	Listening on 127.0.0.1:55082
1630984460024	mozrunner::runner	INFO	Running command: "/Applications/Firefox.app/Contents/MacOS/firefox-bin" "--marionette" "-foreground" "-no-remote" "-profile" "/var/folders/xs/4gqldwxj52135kbz9tjdg3f00000gn/T/rust_mozprofileEXZhVF"
1630984464536	Marionette	INFO	Marionette enabled
console.warn: SearchSettings: "get: No settings file exists, new profile?" (new NotFoundError("Could not open the file at /var/folders/xs/4gqldwxj52135kbz9tjdg3f00000gn/T/rust_mozprofileEXZhVF/search.json.mozlz4", (void 0)))
console.error: BackgroundUpdate: 
  _reasonsToNotScheduleUpdates: Failed to check for Maintenance Service Registry Key: [Exception... "Component returned failure code: 0x80004001 (NS_ERROR_NOT_IMPLEMENTED) [nsIUpdateProcessor.getServiceRegKeyExists]"  nsresult: "0x80004001 (NS_ERROR_NOT_IMPLEMENTED)"  location: "JS frame :: resource://gre/modules/BackgroundUpdate.jsm :: _reasonsToNotScheduleUpdates :: line 243"  data: no]
1630984481381	Marionette	INFO	Listening on port 55087
1630984481488	RemoteAgent	WARN	TLS certificate errors will be ignored for this session
JavaScript warning: https://js.datadome.co/tags.js, line 2: unreachable code after return statement
JavaScript warning: https://js.datadome.co/tags.js, line 2: unreachable code after return statement
JavaScript warning: https://js.datadome.co/tags.js, line 2: unreachable code after return statement
JavaScript warning: https://js.datadome.co/tags.js, line 2: unreachable code after return statement
JavaScript warning: https://js.datadome.co/tags.js, line 2: unreachable code after return statement
JavaScript warning: https://js.datadome.co/tags.js, line 2: unreachable code after return statement
JavaScript warning: https://js.datadome.co/tags.js, line 2: unreachable code after return statement
JavaScript warning: https://js.datadome.co/tags.js, line 2: unreachable code after return statement
JavaScript warning: https://js.datadome.co/tags.js, line 2: unreachable code after return statement
1630984520898	geckodriver	INFO	Listening on 127.0.0.1:55361
1630984521926	mozrunner::runner	INFO	Running command: "/Applications/Firefox.app/Contents/MacOS/firefox-bin" "--marionette" "-foreground" "-no-remote" "-profile" "/var/folders/xs/4gqldwxj52135kbz9tjdg3f00000gn/T/rust_mozprofileIgaHHQ"
1630984524707	Marionette	INFO	Marionette enabled
console.warn: SearchSettings: "get: No settings file exists, new profile?" (new NotFoundError("Could not open the file at /var/folders/xs/4gqldwxj52135kbz9tjdg3f00000gn/T/rust_mozprofileIgaHHQ/search.json.mozlz4", (void 0)))
JavaScript error: resource:///modules/BrowserGlue.jsm, line 4746: TypeError: win is null
console.error: BackgroundUpdate: 
  _reasonsToNotScheduleUpdates: Failed to check for Maintenance Service Registry Key: [Exception... "Component returned failure code: 0x80004001 (NS_ERROR_NOT_IMPLEMENTED) [nsIUpdateProcessor.getServiceRegKeyExists]"  nsresult: "0x80004001 (NS_ERROR_NOT_IMPLEMENTED)"  location: "JS frame :: resource://gre/modules/BackgroundUpdate.jsm :: _reasonsToNotScheduleUpdates :: line 243"  data: no]
1630984540608	Marionette	INFO	Listening on port 55369
1630984541573	RemoteAgent	WARN	TLS certificate errors will be ignored for this session
Exiting due to channel error.
[GFX1-]: Receive IPC close with reason=AbnormalShutdown
Exiting due to channel error.
1630984785381	geckodriver	INFO	Listening on 127.0.0.1:55672
1630984785429	mozrunner::runner	INFO	Running command: "/Applications/Firefox.app/Contents/MacOS/firefox-bin" "--marionette" "-foreground" "-no-remote" "-profile" "/var/folders/xs/4gqldwxj52135kbz9tjdg3f00000gn/T/rust_mozprofileQxkLbS"
1630984790187	Marionette	INFO	Marionette enabled
console.warn: SearchSettings: "get: No settings file exists, new profile?" (new NotFoundError("Could not open the file at /var/folders/xs/4gqldwxj52135kbz9tjdg3f00000gn/T/rust_mozprofileQxkLbS/search.json.mozlz4", (void 0)))
console.error: BackgroundUpdate: 
  _reasonsToNotScheduleUpdates: Failed to check for Maintenance Service Registry Key: [Exception... "Component returned failure code: 0x80004001 (NS_ERROR_NOT_IMPLEMENTED) [nsIUpdateProcessor.getServiceRegKeyExists]"  nsresult: "0x80004001 (NS_ERROR_NOT_IMPLEMENTED)"  location: "JS frame :: resource://gre/modules/BackgroundUpdate.jsm :: _reasonsToNotScheduleUpdates :: line 243"  data: no]
1630984803778	Marionette	INFO	Listening on port 55677
1630984804380	RemoteAgent	WARN	TLS certificate errors will be ignored for this session

###!!! [Child][MessageChannel] Error: (msgtype=0x390097,name=PContent::Msg_InitBackground) Channel closing: too late to send/recv, messages will be lost

1630984976164	Marionette	INFO	Stopped listening on port 55677
JavaScript error: resource:///modules/Interactions.jsm, line 209: NS_ERROR_FAILURE: Component returned failure code: 0x80004005 (NS_ERROR_FAILURE) [nsIUserIdleService.removeIdleObserver]
console.log: WebExtensions: reset-default-search: starting.
console.log: WebExtensions: reset-default-search: No addons in our list are installed.
JavaScript error: chrome://remote/content/marionette/cert.js, line 55: NS_ERROR_NOT_AVAILABLE: Component returned failure code: 0x80040111 (NS_ERROR_NOT_AVAILABLE) [nsICertOverrideService.setDisableAllSecurityChecksAndLetAttackersInterceptMyData]
1630984978527	Marionette	INFO	Stopped listening on port 55087
JavaScript error: resource:///modules/Interactions.jsm, line 209: NS_ERROR_FAILURE: Component returned failure code: 0x80004005 (NS_ERROR_FAILURE) [nsIUserIdleService.removeIdleObserver]
JavaScript error: chrome://remote/content/marionette/cert.js, line 55: NS_ERROR_NOT_AVAILABLE: Component returned failure code: 0x80040111 (NS_ERROR_NOT_AVAILABLE) [nsICertOverrideService.setDisableAllSecurityChecksAndLetAttackersInterceptMyData]
