1644533775074	geckodriver	INFO	Listening on 127.0.0.1:49354
1644533775252	mozrunner::runner	INFO	Running command: "/Applications/Firefox.app/Contents/MacOS/firefox-bin" "--marionette" "-foreground" "-no-remote" "-profile" "/var/folders/xs/4gqldwxj52135kbz9tjdg3f00000gn/T/rust_mozprofilewAmKGX"
1644533781983	Marionette	INFO	Marionette enabled
console.warn: SearchSettings: "get: No settings file exists, new profile?" (new NotFoundError("Could not open the file at /var/folders/xs/4gqldwxj52135kbz9tjdg3f00000gn/T/rust_mozprofilewAmKGX/search.json.mozlz4", (void 0)))
console.error: BackgroundUpdate: 
  _reasonsToNotScheduleUpdates: Failed to check for Maintenance Service Registry Key: [Exception... "Component returned failure code: 0x80004001 (NS_ERROR_NOT_IMPLEMENTED) [nsIUpdateProcessor.getServiceRegKeyExists]"  nsresult: "0x80004001 (NS_ERROR_NOT_IMPLEMENTED)"  location: "JS frame :: resource://gre/modules/BackgroundUpdate.jsm :: _reasonsToNotScheduleUpdates :: line 241"  data: no]
1644533793486	Marionette	INFO	Listening on port 49364
1644533794383	RemoteAgent	WARN	TLS certificate errors will be ignored for this session
JavaScript warning: https://dd.leboncoin.fr/tags.js, line 2: WEBGL_debug_renderer_info is deprecated in Firefox and will be removed. Please use RENDERER.
JavaScript warning: https://static.geetest.com/static/js/fullpage.9.0.9.js, line 1: WEBGL_debug_renderer_info is deprecated in Firefox and will be removed. Please use RENDERER.
JavaScript warning: https://js.datadome.co/tags.js, line 2: WEBGL_debug_renderer_info is deprecated in Firefox and will be removed. Please use RENDERER.
JavaScript warning: https://static.geetest.com/static/js/fullpage.9.0.9.js, line 1: WEBGL_debug_renderer_info is deprecated in Firefox and will be removed. Please use RENDERER.
JavaScript warning: https://js.datadome.co/tags.js, line 2: WEBGL_debug_renderer_info is deprecated in Firefox and will be removed. Please use RENDERER.
JavaScript warning: https://js.datadome.co/tags.js, line 2: WEBGL_debug_renderer_info is deprecated in Firefox and will be removed. Please use RENDERER.
JavaScript warning: https://static.geetest.com/static/js/fullpage.9.0.9.js, line 1: WEBGL_debug_renderer_info is deprecated in Firefox and will be removed. Please use RENDERER.
JavaScript warning: https://static.geetest.com/static/js/fullpage.9.0.9.js, line 1: WEBGL_debug_renderer_info is deprecated in Firefox and will be removed. Please use RENDERER.
JavaScript warning: https://js.datadome.co/tags.js, line 2: WEBGL_debug_renderer_info is deprecated in Firefox and will be removed. Please use RENDERER.
console.error: (new InvalidStateError("JSWindowActorChild.sendAsyncMessage: JSWindowActorChild cannot send at the moment", (void 0), 327))
InvalidStateError: JSWindowActorChild.sendAsyncMessage: JSWindowActorChild cannot send at the moment: _createTargetActor/<@resource://devtools/server/connectors/js-window-actor/DevToolsFrameChild.jsm:327:12
newListener@resource://devtools/shared/event-emitter.js:173:27
_emit@resource://devtools/shared/event-emitter.js:244:34
emit@resource://devtools/shared/event-emitter.js:190:18
emit@resource://devtools/shared/event-emitter.js:342:18
destroy@resource://devtools/server/actors/targets/window-global.js:743:10
module.exports/proto.destroy@resource://devtools/server/actors/targets/target-actor-mixin.js:244:30
instantiate@resource://devtools/server/connectors/js-window-actor/DevToolsFrameChild.jsm:242:26
handleEvent@resource://devtools/server/connectors/js-window-actor/DevToolsFrameChild.jsm:651:12

JavaScript warning: https://static.geetest.com/static/js/fullpage.9.0.9.js, line 1: WEBGL_debug_renderer_info is deprecated in Firefox and will be removed. Please use RENDERER.
JavaScript warning: https://js.datadome.co/tags.js, line 2: WEBGL_debug_renderer_info is deprecated in Firefox and will be removed. Please use RENDERER.
console.error: (new InvalidStateError("JSWindowActorChild.sendAsyncMessage: JSWindowActorChild cannot send at the moment", (void 0), 327))
InvalidStateError: JSWindowActorChild.sendAsyncMessage: JSWindowActorChild cannot send at the moment: _createTargetActor/<@resource://devtools/server/connectors/js-window-actor/DevToolsFrameChild.jsm:327:12
newListener@resource://devtools/shared/event-emitter.js:173:27
_emit@resource://devtools/shared/event-emitter.js:244:34
emit@resource://devtools/shared/event-emitter.js:190:18
emit@resource://devtools/shared/event-emitter.js:342:18
destroy@resource://devtools/server/actors/targets/window-global.js:743:10
module.exports/proto.destroy@resource://devtools/server/actors/targets/target-actor-mixin.js:244:30
instantiate@resource://devtools/server/connectors/js-window-actor/DevToolsFrameChild.jsm:242:26
handleEvent@resource://devtools/server/connectors/js-window-actor/DevToolsFrameChild.jsm:651:12

console.error: (new Error("Connection closed, pending request to server0.conn0.windowGlobal17179869185/domnode39, type getUniqueSelector failed\n\nRequest stack:\nrequest@resource://devtools/shared/protocol/Front.js:292:14\ngenerateRequestMethods/</frontProto[name]@resource://devtools/shared/protocol/Front/FrontClassWithSpec.js:46:19\ngetNodeFrontSelectorsFromTopDocument@resource://devtools/shared/commands/inspector/inspector-command.js:325:42\nupdateSelectionCssSelectors@resource://devtools/client/inspector/inspector.js:1474:8\nonNewSelection@resource://devtools/client/inspector/inspector.js:1548:10\n_emit@resource://devtools/shared/event-emitter.js:244:34\nemit@resource://devtools/shared/event-emitter.js:190:18\nemit@resource://devtools/shared/event-emitter.js:342:18\nsetNodeFront@resource://devtools/client/framework/selection.js:206:10\nonRootNodeAvailable@resource://devtools/client/inspector/inspector.js:368:22\n", "resource://devtools/shared/protocol/Front.js", 106))
JavaScript warning: https://static.geetest.com/static/js/fullpage.9.0.9.js, line 1: WEBGL_debug_renderer_info is deprecated in Firefox and will be removed. Please use RENDERER.
console.error: (new TypeError("nodeFront.walkerFront is null", "resource://devtools/client/inspector/markup/markup.js", 956))
TypeError: nodeFront.walkerFront is null: _onNewSelection@resource://devtools/client/inspector/markup/markup.js:956:7
_emit@resource://devtools/shared/event-emitter.js:244:34
emit@resource://devtools/shared/event-emitter.js:190:18
emit@resource://devtools/shared/event-emitter.js:342:18
setNodeFront@resource://devtools/client/framework/selection.js:206:10
onDetached@resource://devtools/client/inspector/inspector.js:1676:20
_emit@resource://devtools/shared/event-emitter.js:244:34
emit@resource://devtools/shared/event-emitter.js:190:18
emit@resource://devtools/shared/event-emitter.js:342:18
onTargetDestroyed@resource://devtools/client/framework/selection.js:161:12
_onTargetDestroyed@resource://devtools/client/framework/toolbox.js:762:22
_emit@resource://devtools/shared/event-emitter.js:244:34
emit@resource://devtools/shared/event-emitter.js:190:18
emit@resource://devtools/shared/event-emitter.js:342:18
_onTargetDestroyed@resource://devtools/shared/commands/target/target-command.js:306:28
_emit@resource://devtools/shared/event-emitter.js:244:34
emit@resource://devtools/shared/event-emitter.js:190:18
emit@resource://devtools/shared/event-emitter.js:342:18
_onTargetDestroyed@resource://devtools/client/fronts/watcher.js:74:12
_emit@resource://devtools/shared/event-emitter.js:244:34
emit@resource://devtools/shared/event-emitter.js:190:18
emit@resource://devtools/shared/event-emitter.js:342:18
onPacket@resource://devtools/shared/protocol/Front.js:336:13
onPacket@resource://devtools/client/devtools-client.js:482:13
send/<@resource://devtools/shared/transport/local-transport.js:68:25
exports.makeInfallible/<@resource://devtools/shared/ThreadSafeDevToolsUtils.js:103:22
exports.makeInfallible/<@resource://devtools/shared/ThreadSafeDevToolsUtils.js:103:22

console.error: (new Error("Can not send request 'getUniqueSelector' because front 'domnode' is already destroyed.", "resource://devtools/shared/protocol/Front/FrontClassWithSpec.js", 28))
console.warn: "Async method failed in safeAsyncMethod" (new Error("Connection closed, pending request to server0.conn0.windowGlobal17179869185/layout46, type getGrids failed\n\nRequest stack:\nrequest@resource://devtools/shared/protocol/Front.js:292:14\ngenerateRequestMethods/</frontProto[name]@resource://devtools/shared/protocol/Front/FrontClassWithSpec.js:46:19\ngetAllGrids@resource://devtools/client/fronts/layout.js:171:17\nexports.safeAsyncMethod/<@resource://devtools/shared/async-utils.js:61:25\ngetGrids@resource://devtools/client/inspector/grids/grid-inspector.js:449:35\n", "resource://devtools/shared/protocol/Front.js", 106))
console.error: (new Error("Connection closed, pending request to server0.conn0.windowGlobal17179869185/pagestyle33, type getApplied failed\n\nRequest stack:\nrequest@resource://devtools/shared/protocol/Front.js:292:14\ngenerateRequestMethods/</frontProto[name]@resource://devtools/shared/protocol/Front/FrontClassWithSpec.js:46:19\ngetApplied@resource://devtools/client/fronts/page-style.js:59:29\nupdateBoxModel/lastRequest<@resource://devtools/client/inspector/boxmodel/box-model.js:187:44\n", "resource://devtools/shared/protocol/Front.js", 106))
console.error: "stylesheets: fetch failed for https://static.captcha-delivery.com/captcha/assets/tpl/6dc485c0c428c35b53577b146dc6f9179f55ef9ad41b327a2a179998839364bf/index.css, using system principal instead."
console.error: "Error while calling actor 'pagestyle's method 'getApplied'" "Failed to open input source 'https://static.captcha-delivery.com/captcha/assets/tpl/6dc485c0c428c35b53577b146dc6f9179f55ef9ad41b327a2a179998839364bf/index.css'"
console.error: ({})

###!!! [Child][PContentChild] Error: Send(msgname=PContent::Msg_ScriptError) Channel closing: too late to send/recv, messages will be lost

JavaScript warning: https://static.geetest.com/static/js/fullpage.9.0.9.js, line 1: WEBGL_debug_renderer_info is deprecated in Firefox and will be removed. Please use RENDERER.
JavaScript warning: https://js.datadome.co/tags.js, line 2: WEBGL_debug_renderer_info is deprecated in Firefox and will be removed. Please use RENDERER.
[GFX1-]: Managed to allocate after flush.
console.error: (new InvalidStateError("JSWindowActorChild.sendAsyncMessage: JSWindowActorChild cannot send at the moment", (void 0), 327))
InvalidStateError: JSWindowActorChild.sendAsyncMessage: JSWindowActorChild cannot send at the moment: _createTargetActor/<@resource://devtools/server/connectors/js-window-actor/DevToolsFrameChild.jsm:327:12
newListener@resource://devtools/shared/event-emitter.js:173:27
_emit@resource://devtools/shared/event-emitter.js:244:34
emit@resource://devtools/shared/event-emitter.js:190:18
emit@resource://devtools/shared/event-emitter.js:342:18
destroy@resource://devtools/server/actors/targets/window-global.js:743:10
module.exports/proto.destroy@resource://devtools/server/actors/targets/target-actor-mixin.js:244:30
instantiate@resource://devtools/server/connectors/js-window-actor/DevToolsFrameChild.jsm:242:26
handleEvent@resource://devtools/server/connectors/js-window-actor/DevToolsFrameChild.jsm:651:12

console.warn: "Failed to add session data entry for frame targets in browsing context" 6442450957
console.warn: (new Error("No target actor for this Watcher Actor ID:\"server0.conn0.watcher2\" / BrowserId:4", "resource://devtools/server/connectors/js-window-actor/DevToolsFrameChild.jsm", 620))
JavaScript warning: https://static.geetest.com/static/js/fullpage.9.0.9.js, line 1: WEBGL_debug_renderer_info is deprecated in Firefox and will be removed. Please use RENDERER.
JavaScript warning: https://js.datadome.co/tags.js, line 2: WEBGL_debug_renderer_info is deprecated in Firefox and will be removed. Please use RENDERER.
[GFX1-]: Managed to allocate after flush.
console.error: (new InvalidStateError("JSWindowActorChild.sendAsyncMessage: JSWindowActorChild cannot send at the moment", (void 0), 327))
InvalidStateError: JSWindowActorChild.sendAsyncMessage: JSWindowActorChild cannot send at the moment: _createTargetActor/<@resource://devtools/server/connectors/js-window-actor/DevToolsFrameChild.jsm:327:12
newListener@resource://devtools/shared/event-emitter.js:173:27
_emit@resource://devtools/shared/event-emitter.js:244:34
emit@resource://devtools/shared/event-emitter.js:190:18
emit@resource://devtools/shared/event-emitter.js:342:18
destroy@resource://devtools/server/actors/targets/window-global.js:743:10
module.exports/proto.destroy@resource://devtools/server/actors/targets/target-actor-mixin.js:244:30
instantiate@resource://devtools/server/connectors/js-window-actor/DevToolsFrameChild.jsm:242:26
handleEvent@resource://devtools/server/connectors/js-window-actor/DevToolsFrameChild.jsm:651:12

JavaScript warning: https://static.geetest.com/static/js/fullpage.9.0.9.js, line 1: WEBGL_debug_renderer_info is deprecated in Firefox and will be removed. Please use RENDERER.
JavaScript warning: https://js.datadome.co/tags.js, line 2: WEBGL_debug_renderer_info is deprecated in Firefox and will be removed. Please use RENDERER.
JavaScript warning: https://pagead2.googlesyndication.com/bg/3he9SSTPTzffGJDQBOTZcvp_zoO7E8v038ekVtZ_6Vg.js line 1 > eval line 3471 > eval line 1 > eval line 1 > eval, line 1: WEBGL_debug_renderer_info is deprecated in Firefox and will be removed. Please use RENDERER.
JavaScript warning: https://pagead2.googlesyndication.com/bg/3he9SSTPTzffGJDQBOTZcvp_zoO7E8v038ekVtZ_6Vg.js line 1 > eval line 6585 > eval line 1 > eval line 1 > eval, line 1: WEBGL_debug_renderer_info is deprecated in Firefox and will be removed. Please use RENDERER.
JavaScript warning: https://pagead2.googlesyndication.com/bg/3he9SSTPTzffGJDQBOTZcvp_zoO7E8v038ekVtZ_6Vg.js line 1 > eval line 910 > eval line 1 > eval line 1 > eval, line 1: WEBGL_debug_renderer_info is deprecated in Firefox and will be removed. Please use RENDERER.
JavaScript warning: https://pagead2.googlesyndication.com/bg/3he9SSTPTzffGJDQBOTZcvp_zoO7E8v038ekVtZ_6Vg.js line 1 > eval line 3304 > eval line 1 > eval line 1 > eval, line 1: WEBGL_debug_renderer_info is deprecated in Firefox and will be removed. Please use RENDERER.
JavaScript warning: https://pagead2.googlesyndication.com/bg/3he9SSTPTzffGJDQBOTZcvp_zoO7E8v038ekVtZ_6Vg.js line 1 > eval line 5467 > eval line 1 > eval line 1 > eval, line 1: WEBGL_debug_renderer_info is deprecated in Firefox and will be removed. Please use RENDERER.
console.error: (new InvalidStateError("JSWindowActorChild.sendAsyncMessage: JSWindowActorChild cannot send at the moment", (void 0), 327))
InvalidStateError: JSWindowActorChild.sendAsyncMessage: JSWindowActorChild cannot send at the moment: _createTargetActor/<@resource://devtools/server/connectors/js-window-actor/DevToolsFrameChild.jsm:327:12
newListener@resource://devtools/shared/event-emitter.js:173:27
_emit@resource://devtools/shared/event-emitter.js:244:34
emit@resource://devtools/shared/event-emitter.js:190:18
emit@resource://devtools/shared/event-emitter.js:342:18
destroy@resource://devtools/server/actors/targets/window-global.js:743:10
module.exports/proto.destroy@resource://devtools/server/actors/targets/target-actor-mixin.js:244:30
instantiate@resource://devtools/server/connectors/js-window-actor/DevToolsFrameChild.jsm:242:26
handleEvent@resource://devtools/server/connectors/js-window-actor/DevToolsFrameChild.jsm:651:12

console.error: (new InvalidStateError("JSWindowActorChild.sendAsyncMessage: JSWindowActorChild cannot send at the moment", (void 0), 327))
InvalidStateError: JSWindowActorChild.sendAsyncMessage: JSWindowActorChild cannot send at the moment: _createTargetActor/<@resource://devtools/server/connectors/js-window-actor/DevToolsFrameChild.jsm:327:12
newListener@resource://devtools/shared/event-emitter.js:173:27
_emit@resource://devtools/shared/event-emitter.js:244:34
emit@resource://devtools/shared/event-emitter.js:190:18
emit@resource://devtools/shared/event-emitter.js:342:18
destroy@resource://devtools/server/actors/targets/window-global.js:743:10
module.exports/proto.destroy@resource://devtools/server/actors/targets/target-actor-mixin.js:244:30
instantiate@resource://devtools/server/connectors/js-window-actor/DevToolsFrameChild.jsm:242:26
handleEvent@resource://devtools/server/connectors/js-window-actor/DevToolsFrameChild.jsm:651:12

console.error: (new InvalidStateError("JSWindowActorChild.sendAsyncMessage: JSWindowActorChild cannot send at the moment", (void 0), 327))
InvalidStateError: JSWindowActorChild.sendAsyncMessage: JSWindowActorChild cannot send at the moment: _createTargetActor/<@resource://devtools/server/connectors/js-window-actor/DevToolsFrameChild.jsm:327:12
newListener@resource://devtools/shared/event-emitter.js:173:27
_emit@resource://devtools/shared/event-emitter.js:244:34
emit@resource://devtools/shared/event-emitter.js:190:18
emit@resource://devtools/shared/event-emitter.js:342:18
destroy@resource://devtools/server/actors/targets/window-global.js:743:10
module.exports/proto.destroy@resource://devtools/server/actors/targets/target-actor-mixin.js:244:30
instantiate@resource://devtools/server/connectors/js-window-actor/DevToolsFrameChild.jsm:242:26
handleEvent@resource://devtools/server/connectors/js-window-actor/DevToolsFrameChild.jsm:651:12

console.error: (new InvalidStateError("JSWindowActorChild.sendAsyncMessage: JSWindowActorChild cannot send at the moment", (void 0), 327))
InvalidStateError: JSWindowActorChild.sendAsyncMessage: JSWindowActorChild cannot send at the moment: _createTargetActor/<@resource://devtools/server/connectors/js-window-actor/DevToolsFrameChild.jsm:327:12
newListener@resource://devtools/shared/event-emitter.js:173:27
_emit@resource://devtools/shared/event-emitter.js:244:34
emit@resource://devtools/shared/event-emitter.js:190:18
emit@resource://devtools/shared/event-emitter.js:342:18
destroy@resource://devtools/server/actors/targets/window-global.js:743:10
module.exports/proto.destroy@resource://devtools/server/actors/targets/target-actor-mixin.js:244:30
instantiate@resource://devtools/server/connectors/js-window-actor/DevToolsFrameChild.jsm:242:26
handleEvent@resource://devtools/server/connectors/js-window-actor/DevToolsFrameChild.jsm:651:12

console.warn: "Failed to add session data entry for frame targets in browsing context" 6442450959
console.warn: (new Error("No target actor for this Watcher Actor ID:\"server0.conn0.watcher2\" / BrowserId:4", "resource://devtools/server/connectors/js-window-actor/DevToolsFrameChild.jsm", 620))
Handler function threw an exception: [Exception... "Component returned failure code: 0x80040111 (NS_ERROR_NOT_AVAILABLE) [nsIHttpChannelInternal.remoteAddress]"  nsresult: "0x80040111 (NS_ERROR_NOT_AVAILABLE)"  location: "JS frame :: resource://devtools/server/actors/network-monitor/network-observer.js :: _onResponseHeader :: line 990"  data: no]
Stack: _onResponseHeader@resource://devtools/server/actors/network-monitor/network-observer.js:990:5
_dispatchActivity@resource://devtools/server/actors/network-monitor/network-observer.js:563:14
NetworkObserver.prototype.observeActivity<@resource://devtools/server/actors/network-monitor/network-observer.js:672:12
exports.makeInfallible/<@resource://devtools/shared/ThreadSafeDevToolsUtils.js:103:22
Line: 990, column: 0
console.error: ({})
JavaScript warning: https://js.datadome.co/tags.js, line 2: WEBGL_debug_renderer_info is deprecated in Firefox and will be removed. Please use RENDERER.
JavaScript warning: https://static.geetest.com/static/js/fullpage.9.0.9.js, line 1: WEBGL_debug_renderer_info is deprecated in Firefox and will be removed. Please use RENDERER.
[GFX1-]: Managed to allocate after flush.
console.error: (new InvalidStateError("JSWindowActorChild.sendAsyncMessage: JSWindowActorChild cannot send at the moment", (void 0), 327))
InvalidStateError: JSWindowActorChild.sendAsyncMessage: JSWindowActorChild cannot send at the moment: _createTargetActor/<@resource://devtools/server/connectors/js-window-actor/DevToolsFrameChild.jsm:327:12
newListener@resource://devtools/shared/event-emitter.js:173:27
_emit@resource://devtools/shared/event-emitter.js:244:34
emit@resource://devtools/shared/event-emitter.js:190:18
emit@resource://devtools/shared/event-emitter.js:342:18
destroy@resource://devtools/server/actors/targets/window-global.js:743:10
module.exports/proto.destroy@resource://devtools/server/actors/targets/target-actor-mixin.js:244:30
instantiate@resource://devtools/server/connectors/js-window-actor/DevToolsFrameChild.jsm:242:26
handleEvent@resource://devtools/server/connectors/js-window-actor/DevToolsFrameChild.jsm:651:12

console.warn: "Failed to add session data entry for frame targets in browsing context" 6442450960
console.warn: (new Error("No target actor for this Watcher Actor ID:\"server0.conn0.watcher2\" / BrowserId:4", "resource://devtools/server/connectors/js-window-actor/DevToolsFrameChild.jsm", 620))
JavaScript warning: https://static.geetest.com/static/js/fullpage.9.0.9.js, line 1: WEBGL_debug_renderer_info is deprecated in Firefox and will be removed. Please use RENDERER.
JavaScript warning: https://js.datadome.co/tags.js, line 2: WEBGL_debug_renderer_info is deprecated in Firefox and will be removed. Please use RENDERER.
console.error: (new InvalidStateError("JSWindowActorChild.sendAsyncMessage: JSWindowActorChild cannot send at the moment", (void 0), 327))
InvalidStateError: JSWindowActorChild.sendAsyncMessage: JSWindowActorChild cannot send at the moment: _createTargetActor/<@resource://devtools/server/connectors/js-window-actor/DevToolsFrameChild.jsm:327:12
newListener@resource://devtools/shared/event-emitter.js:173:27
_emit@resource://devtools/shared/event-emitter.js:244:34
emit@resource://devtools/shared/event-emitter.js:190:18
emit@resource://devtools/shared/event-emitter.js:342:18
destroy@resource://devtools/server/actors/targets/window-global.js:743:10
module.exports/proto.destroy@resource://devtools/server/actors/targets/target-actor-mixin.js:244:30
instantiate@resource://devtools/server/connectors/js-window-actor/DevToolsFrameChild.jsm:242:26
handleEvent@resource://devtools/server/connectors/js-window-actor/DevToolsFrameChild.jsm:651:12

JavaScript warning: https://static.geetest.com/static/js/fullpage.9.0.9.js, line 1: WEBGL_debug_renderer_info is deprecated in Firefox and will be removed. Please use RENDERER.
JavaScript warning: https://js.datadome.co/tags.js, line 2: WEBGL_debug_renderer_info is deprecated in Firefox and will be removed. Please use RENDERER.
console.warn: LoginRecipes: "getRecipes: falling back to a synchronous message for:" "https://www.google.com"
JavaScript error: https://www.gstatic.com/recaptcha/releases/BycHQdSIhzR_1EcOLw2mOzYQ/recaptcha__fr.js, line 35: Error: reCAPTCHA has already been rendered in this element
console.error: (new InvalidStateError("JSWindowActorChild.sendAsyncMessage: JSWindowActorChild cannot send at the moment", (void 0), 327))
InvalidStateError: JSWindowActorChild.sendAsyncMessage: JSWindowActorChild cannot send at the moment: _createTargetActor/<@resource://devtools/server/connectors/js-window-actor/DevToolsFrameChild.jsm:327:12
newListener@resource://devtools/shared/event-emitter.js:173:27
_emit@resource://devtools/shared/event-emitter.js:244:34
emit@resource://devtools/shared/event-emitter.js:190:18
emit@resource://devtools/shared/event-emitter.js:342:18
destroy@resource://devtools/server/actors/targets/window-global.js:743:10
module.exports/proto.destroy@resource://devtools/server/actors/targets/target-actor-mixin.js:244:30
instantiate@resource://devtools/server/connectors/js-window-actor/DevToolsFrameChild.jsm:242:26
handleEvent@resource://devtools/server/connectors/js-window-actor/DevToolsFrameChild.jsm:651:12

console.warn: "Failed to add session data entry for frame targets in browsing context" 6442450962
console.warn: (new Error("No target actor for this Watcher Actor ID:\"server0.conn0.watcher2\" / BrowserId:4", "resource://devtools/server/connectors/js-window-actor/DevToolsFrameChild.jsm", 620))
JavaScript warning: https://static.geetest.com/static/js/fullpage.9.0.9.js, line 1: WEBGL_debug_renderer_info is deprecated in Firefox and will be removed. Please use RENDERER.
JavaScript warning: https://js.datadome.co/tags.js, line 2: WEBGL_debug_renderer_info is deprecated in Firefox and will be removed. Please use RENDERER.
console.error: (new InvalidStateError("JSWindowActorChild.sendAsyncMessage: JSWindowActorChild cannot send at the moment", (void 0), 327))
InvalidStateError: JSWindowActorChild.sendAsyncMessage: JSWindowActorChild cannot send at the moment: _createTargetActor/<@resource://devtools/server/connectors/js-window-actor/DevToolsFrameChild.jsm:327:12
newListener@resource://devtools/shared/event-emitter.js:173:27
_emit@resource://devtools/shared/event-emitter.js:244:34
emit@resource://devtools/shared/event-emitter.js:190:18
emit@resource://devtools/shared/event-emitter.js:342:18
destroy@resource://devtools/server/actors/targets/window-global.js:743:10
module.exports/proto.destroy@resource://devtools/server/actors/targets/target-actor-mixin.js:244:30
instantiate@resource://devtools/server/connectors/js-window-actor/DevToolsFrameChild.jsm:242:26
handleEvent@resource://devtools/server/connectors/js-window-actor/DevToolsFrameChild.jsm:651:12

JavaScript warning: https://static.geetest.com/static/js/fullpage.9.0.9.js, line 1: WEBGL_debug_renderer_info is deprecated in Firefox and will be removed. Please use RENDERER.
JavaScript warning: https://js.datadome.co/tags.js, line 2: WEBGL_debug_renderer_info is deprecated in Firefox and will be removed. Please use RENDERER.
JavaScript warning: https://pagead2.googlesyndication.com/bg/3he9SSTPTzffGJDQBOTZcvp_zoO7E8v038ekVtZ_6Vg.js line 1 > eval line 7748 > eval line 1 > eval line 1 > eval, line 1: WEBGL_debug_renderer_info is deprecated in Firefox and will be removed. Please use RENDERER.
JavaScript error: , line 0: uncaught exception: 7
console.error: (new TypeError("browsingContext is null", "resource://devtools/server/actors/watcher/target-helpers/frame-helper.js", 182))
JavaScript error: resource://devtools/server/connectors/js-window-actor/DevToolsFrameChild.jsm, line 372: Error: Trying to destroy a target actor that doesn't exists, or has already been destroyed. Watcher Actor ID:server0.conn0.watcher2
JavaScript error: resource://devtools/server/connectors/js-window-actor/DevToolsFrameChild.jsm, line 372: Error: Trying to destroy a target actor that doesn't exists, or has already been destroyed. Watcher Actor ID:server0.conn0.watcher2
JavaScript error: resource://devtools/server/connectors/js-window-actor/DevToolsFrameChild.jsm, line 372: Error: Trying to destroy a target actor that doesn't exists, or has already been destroyed. Watcher Actor ID:server0.conn0.watcher2
JavaScript error: resource://devtools/server/connectors/js-window-actor/DevToolsFrameChild.jsm, line 372: Error: Trying to destroy a target actor that doesn't exists, or has already been destroyed. Watcher Actor ID:server0.conn0.watcher2
JavaScript error: resource://devtools/server/connectors/js-window-actor/DevToolsFrameChild.jsm, line 372: Error: Trying to destroy a target actor that doesn't exists, or has already been destroyed. Watcher Actor ID:server0.conn0.watcher2
console.error: (new TypeError("browsingContext is null", "resource://devtools/server/actors/resources/utils/parent-process-storage.js", 370))
TypeError: browsingContext is null: getAllBrowsingContexts@resource://devtools/server/actors/resources/utils/parent-process-storage.js:370:7
get windows@resource://devtools/server/actors/resources/utils/parent-process-storage.js:340:17
get hosts@resource://devtools/server/actors/storage.js:160:34
onWindowDestroyed@resource://devtools/server/actors/storage.js:319:20
_emit@resource://devtools/shared/event-emitter.js:244:34
emit@resource://devtools/shared/event-emitter.js:190:18
emit@resource://devtools/shared/event-emitter.js:342:18
observe@resource://devtools/server/actors/resources/utils/parent-process-storage.js:441:12

console.error: (new TypeError("browsingContext is null", "resource://devtools/server/actors/resources/utils/parent-process-storage.js", 370))
TypeError: browsingContext is null: getAllBrowsingContexts@resource://devtools/server/actors/resources/utils/parent-process-storage.js:370:7
get windows@resource://devtools/server/actors/resources/utils/parent-process-storage.js:340:17
get hosts@resource://devtools/server/actors/storage.js:160:34
onWindowDestroyed@resource://devtools/server/actors/storage.js:319:20
_emit@resource://devtools/shared/event-emitter.js:244:34
emit@resource://devtools/shared/event-emitter.js:190:18
emit@resource://devtools/shared/event-emitter.js:342:18
observe@resource://devtools/server/actors/resources/utils/parent-process-storage.js:441:12


###!!! [Parent][PContentParent] Error: Send(msgname=PContent::Msg_DestroyBrowsingContextGroup) Closed channel: cannot send/recv

JavaScript error: , line 0: TypeError: NetworkError when attempting to fetch resource.
JavaScript error: , line 0: TypeError: NetworkError when attempting to fetch resource.
JavaScript error: , line 0: TypeError: NetworkError when attempting to fetch resource.

###!!! [Child][PContentChild] Error: RunMessage(msgname=PContent::Msg_DiscardBrowsingContext) Channel closing: too late to send/recv, messages will be lost


###!!! [Child][PContentChild] Error: RunMessage(msgname=PContent::Msg_DiscardBrowsingContext) Channel closing: too late to send/recv, messages will be lost


###!!! [Child][PContentChild] Error: RunMessage(msgname=PContent::Msg_DiscardBrowsingContext) Channel closing: too late to send/recv, messages will be lost


###!!! [Child][PContentChild] Error: RunMessage(msgname=PContent::Msg_DiscardBrowsingContext) Channel closing: too late to send/recv, messages will be lost


###!!! [Child][PContentChild] Error: RunMessage(msgname=PContent::Msg_DiscardBrowsingContext) Channel closing: too late to send/recv, messages will be lost


###!!! [Child][PContentChild] Error: RunMessage(msgname=PContent::Reply_DiscardBrowsingContext) Channel closing: too late to send/recv, messages will be lost


###!!! [Child][PContentChild] Error: RunMessage(msgname=PContent::Msg_DiscardBrowsingContext) Channel closing: too late to send/recv, messages will be lost


###!!! [Child][PContentChild] Error: RunMessage(msgname=PContent::Msg_DiscardBrowsingContext) Channel closing: too late to send/recv, messages will be lost


###!!! [Child][PContentChild] Error: RunMessage(msgname=PContent::Msg_DiscardBrowsingContext) Channel closing: too late to send/recv, messages will be lost


###!!! [Child][PContentChild] Error: RunMessage(msgname=PContent::Reply_DiscardBrowsingContext) Channel closing: too late to send/recv, messages will be lost


###!!! [Child][PContentChild] Error: RunMessage(msgname=PContent::Reply_DiscardBrowsingContext) Channel closing: too late to send/recv, messages will be lost


###!!! [Child][PContentChild] Error: RunMessage(msgname=PContent::Reply_DiscardBrowsingContext) Channel closing: too late to send/recv, messages will be lost


###!!! [Child][PContentChild] Error: RunMessage(msgname=PContent::Reply_DiscardBrowsingContext) Channel closing: too late to send/recv, messages will be lost


###!!! [Child][PContentChild] Error: RunMessage(msgname=PContent::Reply_DiscardBrowsingContext) Channel closing: too late to send/recv, messages will be lost


###!!! [Child][PContentChild] Error: RunMessage(msgname=PContent::Reply_DiscardBrowsingContext) Channel closing: too late to send/recv, messages will be lost


###!!! [Child][PContentChild] Error: RunMessage(msgname=PContent::Msg_DiscardWindowContext) Channel closing: too late to send/recv, messages will be lost


###!!! [Child][PContentChild] Error: RunMessage(msgname=PContent::Msg_DiscardWindowContext) Channel closing: too late to send/recv, messages will be lost


###!!! [Child][PContentChild] Error: RunMessage(msgname=PContent::Msg_DiscardWindowContext) Channel closing: too late to send/recv, messages will be lost


###!!! [Child][PContentChild] Error: RunMessage(msgname=PContent::Msg_DiscardWindowContext) Channel closing: too late to send/recv, messages will be lost


###!!! [Child][PContentChild] Error: RunMessage(msgname=PContent::Msg_DiscardWindowContext) Channel closing: too late to send/recv, messages will be lost


###!!! [Child][PContentChild] Error: RunMessage(msgname=PContent::Msg_DiscardWindowContext) Channel closing: too late to send/recv, messages will be lost


###!!! [Child][PContentChild] Error: RunMessage(msgname=PContent::Msg_DiscardWindowContext) Channel closing: too late to send/recv, messages will be lost


###!!! [Child][PContentChild] Error: RunMessage(msgname=PContent::Msg_DiscardWindowContext) Channel closing: too late to send/recv, messages will be lost


###!!! [Child][PContentChild] Error: RunMessage(msgname=PContent::Msg_DiscardWindowContext) Channel closing: too late to send/recv, messages will be lost


###!!! [Child][PContentChild] Error: RunMessage(msgname=PContent::Msg_DiscardWindowContext) Channel closing: too late to send/recv, messages will be lost


###!!! [Child][PContentChild] Error: RunMessage(msgname=PContent::Msg_DiscardWindowContext) Channel closing: too late to send/recv, messages will be lost

JavaScript error: , line 0: TypeError: NetworkError when attempting to fetch resource.
JavaScript error: , line 0: TypeError: NetworkError when attempting to fetch resource.

###!!! [Parent][PContentParent] Error: Send(msgname=PContent::Msg_DestroyBrowsingContextGroup) Closed channel: cannot send/recv


###!!! [Child][PContentChild] Error: RunMessage(msgname=PContent::Reply_DiscardBrowsingContext) Channel closing: too late to send/recv, messages will be lost


###!!! [Child][PContentChild] Error: RunMessage(msgname=PHttpChannel::Msg_DeleteSelf) Channel closing: too late to send/recv, messages will be lost


###!!! [Child][PContentChild] Error: RunMessage(msgname=PHttpChannel::Msg_DeleteSelf) Channel closing: too late to send/recv, messages will be lost


###!!! [Child][PContentChild] Error: RunMessage(msgname=PContent::Reply_DiscardBrowsingContext) Channel closing: too late to send/recv, messages will be lost

1644535657387	Marionette	INFO	Stopped listening on port 49364
